2017-11-09 11:03:43 =ERROR REPORT====
/home/pampa/pampa_pro/src/pampa_pro_app.erl:9: Error: record amqp_params_direct undefined
/home/pampa/pampa_pro/src/pampa_pro_app.erl:9: Warning: variable 'Connection' is unused
2017-11-09 11:06:28 =ERROR REPORT====
** Generic server <0.673.0> terminating 
** Last message in was connect
** When Server state == {<0.672.0>,{amqp_params_direct,none,none,<<"/">>,'pampa_pro@127.0.0.1',none,[]}}
** Reason for termination == 
** {function_clause,[{amqp_gen_connection,terminate,[{{case_clause,{badrpc,{'EXIT',{undef,[{rabbit_direct,connect,[{none,none},<<"/">>,rabbit_framing_amqp_0_9_1,<0.673.0>,[{pid,<0.673.0>},{protocol,{'Direct',{0,9,1}}},{host,unknown},{port,unknown},{name,<<"<pampa_pro@127.0.0.1.2.673.0>">>},{peer_host,unknown},{peer_port,unknown},{user,none},{vhost,<<"/">>},{client_properties,[]},{type,direct},{connected_at,1510196788794},{node,'pampa_pro@127.0.0.1'},{user_who_performed_action,none}]],[]},{rpc,local_call,3,[{file,"rpc.erl"},{line,321}]},{amqp_direct_connection,connect,4,[{file,"src/amqp_direct_connection.erl"},{line,151}]},{amqp_gen_connection,handle_call,3,[{file,"src/amqp_gen_connection.erl"},{line,171}]},{gen_server,try_handle_call,4,[{file,"gen_server.erl"},{line,636}]},{gen_server,handle_msg,6,[{file,"gen_server.erl"},{line,665}]},{proc_lib,init_p_do_apply,3,[{file,"proc_lib.erl"},{line,247}]}]}}}},[{amqp_direct_connection,connect,4,[{file,"src/amqp_direct_connection.erl"},{line,151}]},{amqp_gen_connection,handle_call,3,[{file,"src/amqp_gen_connection.erl"},{line,171}]},{gen_server,try_handle_call,4,[{file,"gen_server.erl"},{line,636}]},{gen_server,handle_msg,6,[{file,"gen_server.erl"},{line,665}]},{proc_lib,init_p_do_apply,3,[{file,"proc_lib.erl"},{line,247}]}]},{<0.672.0>,{amqp_params_direct,none,none,<<"/">>,'pampa_pro@127.0.0.1',none,[]}}],[{file,"src/amqp_gen_connection.erl"},{line,239}]},{gen_server,try_terminate,3,[{file,"gen_server.erl"},{line,648}]},{gen_server,terminate,10,[{file,"gen_server.erl"},{line,833}]},{proc_lib,init_p_do_apply,3,[{file,"proc_lib.erl"},{line,247}]}]}
** Client <0.670.0> stacktrace
** [{gen,do_call,4,[{file,"gen.erl"},{line,169}]},{gen_server,call,3,[{file,"gen_server.erl"},{line,210}]},{pampa_pro_app,start,2,[{file,"src/pampa_pro_app.erl"},{line,10}]},{application_master,start_it_old,4,[{file,"application_master.erl"},{line,273}]}]
2017-11-09 11:08:59 =ERROR REPORT====
** Generic server <0.673.0> terminating 
** Last message in was connect
** When Server state == {<0.672.0>,{amqp_params_direct,none,none,<<"/">>,pampa_pro@localhost,none,[]}}
** Reason for termination == 
** {function_clause,[{amqp_gen_connection,terminate,[{{case_clause,{badrpc,{'EXIT',{undef,[{rabbit_direct,connect,[{none,none},<<"/">>,rabbit_framing_amqp_0_9_1,<0.673.0>,[{pid,<0.673.0>},{protocol,{'Direct',{0,9,1}}},{host,unknown},{port,unknown},{name,<<"<pampa_pro@localhost.2.673.0>">>},{peer_host,unknown},{peer_port,unknown},{user,none},{vhost,<<"/">>},{client_properties,[]},{type,direct},{connected_at,1510196939869},{node,pampa_pro@localhost},{user_who_performed_action,none}]],[]},{rpc,local_call,3,[{file,"rpc.erl"},{line,321}]},{amqp_direct_connection,connect,4,[{file,"src/amqp_direct_connection.erl"},{line,151}]},{amqp_gen_connection,handle_call,3,[{file,"src/amqp_gen_connection.erl"},{line,171}]},{gen_server,try_handle_call,4,[{file,"gen_server.erl"},{line,636}]},{gen_server,handle_msg,6,[{file,"gen_server.erl"},{line,665}]},{proc_lib,init_p_do_apply,3,[{file,"proc_lib.erl"},{line,247}]}]}}}},[{amqp_direct_connection,connect,4,[{file,"src/amqp_direct_connection.erl"},{line,151}]},{amqp_gen_connection,handle_call,3,[{file,"src/amqp_gen_connection.erl"},{line,171}]},{gen_server,try_handle_call,4,[{file,"gen_server.erl"},{line,636}]},{gen_server,handle_msg,6,[{file,"gen_server.erl"},{line,665}]},{proc_lib,init_p_do_apply,3,[{file,"proc_lib.erl"},{line,247}]}]},{<0.672.0>,{amqp_params_direct,none,none,<<"/">>,pampa_pro@localhost,none,[]}}],[{file,"src/amqp_gen_connection.erl"},{line,239}]},{gen_server,try_terminate,3,[{file,"gen_server.erl"},{line,648}]},{gen_server,terminate,10,[{file,"gen_server.erl"},{line,833}]},{proc_lib,init_p_do_apply,3,[{file,"proc_lib.erl"},{line,247}]}]}
** Client <0.670.0> stacktrace
** [{gen,do_call,4,[{file,"gen.erl"},{line,169}]},{gen_server,call,3,[{file,"gen_server.erl"},{line,210}]},{pampa_pro_app,start,2,[{file,"src/pampa_pro_app.erl"},{line,10}]},{application_master,start_it_old,4,[{file,"application_master.erl"},{line,273}]}]
2017-11-09 11:11:25 =ERROR REPORT====
** Generic server <0.673.0> terminating 
** Last message in was connect
** When Server state == {<0.672.0>,{amqp_params_direct,none,none,<<"/">>,pampa_pro@VM_0_14_centos,none,[]}}
** Reason for termination == 
** {function_clause,[{amqp_gen_connection,terminate,[{{case_clause,{badrpc,{'EXIT',{undef,[{rabbit_direct,connect,[{none,none},<<"/">>,rabbit_framing_amqp_0_9_1,<0.673.0>,[{pid,<0.673.0>},{protocol,{'Direct',{0,9,1}}},{host,unknown},{port,unknown},{name,<<"<pampa_pro@VM_0_14_centos.3.673.0>">>},{peer_host,unknown},{peer_port,unknown},{user,none},{vhost,<<"/">>},{client_properties,[]},{type,direct},{connected_at,1510197085878},{node,pampa_pro@VM_0_14_centos},{user_who_performed_action,none}]],[]},{rpc,local_call,3,[{file,"rpc.erl"},{line,321}]},{amqp_direct_connection,connect,4,[{file,"src/amqp_direct_connection.erl"},{line,151}]},{amqp_gen_connection,handle_call,3,[{file,"src/amqp_gen_connection.erl"},{line,171}]},{gen_server,try_handle_call,4,[{file,"gen_server.erl"},{line,636}]},{gen_server,handle_msg,6,[{file,"gen_server.erl"},{line,665}]},{proc_lib,init_p_do_apply,3,[{file,"proc_lib.erl"},{line,247}]}]}}}},[{amqp_direct_connection,connect,4,[{file,"src/amqp_direct_connection.erl"},{line,151}]},{amqp_gen_connection,handle_call,3,[{file,"src/amqp_gen_connection.erl"},{line,171}]},{gen_server,try_handle_call,4,[{file,"gen_server.erl"},{line,636}]},{gen_server,handle_msg,6,[{file,"gen_server.erl"},{line,665}]},{proc_lib,init_p_do_apply,3,[{file,"proc_lib.erl"},{line,247}]}]},{<0.672.0>,{amqp_params_direct,none,none,<<"/">>,pampa_pro@VM_0_14_centos,none,[]}}],[{file,"src/amqp_gen_connection.erl"},{line,239}]},{gen_server,try_terminate,3,[{file,"gen_server.erl"},{line,648}]},{gen_server,terminate,10,[{file,"gen_server.erl"},{line,833}]},{proc_lib,init_p_do_apply,3,[{file,"proc_lib.erl"},{line,247}]}]}
** Client <0.670.0> stacktrace
** [{gen,do_call,4,[{file,"gen.erl"},{line,169}]},{gen_server,call,3,[{file,"gen_server.erl"},{line,210}]},{pampa_pro_app,start,2,[{file,"src/pampa_pro_app.erl"},{line,10}]},{application_master,start_it_old,4,[{file,"application_master.erl"},{line,273}]}]
2017-11-09 11:37:42 =ERROR REPORT====
** Generic server <0.673.0> terminating 
** Last message in was connect
** When Server state == {<0.672.0>,{amqp_params_direct,none,none,<<"/">>,pampa_pro@localhost,none,[]}}
** Reason for termination == 
** {function_clause,[{amqp_gen_connection,terminate,[{{case_clause,{badrpc,{'EXIT',{undef,[{rabbit_direct,connect,[{none,none},<<"/">>,rabbit_framing_amqp_0_9_1,<0.673.0>,[{pid,<0.673.0>},{protocol,{'Direct',{0,9,1}}},{host,unknown},{port,unknown},{name,<<"<pampa_pro@localhost.3.673.0>">>},{peer_host,unknown},{peer_port,unknown},{user,none},{vhost,<<"/">>},{client_properties,[]},{type,direct},{connected_at,1510198662115},{node,pampa_pro@localhost},{user_who_performed_action,none}]],[]},{rpc,local_call,3,[{file,"rpc.erl"},{line,321}]},{amqp_direct_connection,connect,4,[{file,"src/amqp_direct_connection.erl"},{line,151}]},{amqp_gen_connection,handle_call,3,[{file,"src/amqp_gen_connection.erl"},{line,171}]},{gen_server,try_handle_call,4,[{file,"gen_server.erl"},{line,636}]},{gen_server,handle_msg,6,[{file,"gen_server.erl"},{line,665}]},{proc_lib,init_p_do_apply,3,[{file,"proc_lib.erl"},{line,247}]}]}}}},[{amqp_direct_connection,connect,4,[{file,"src/amqp_direct_connection.erl"},{line,151}]},{amqp_gen_connection,handle_call,3,[{file,"src/amqp_gen_connection.erl"},{line,171}]},{gen_server,try_handle_call,4,[{file,"gen_server.erl"},{line,636}]},{gen_server,handle_msg,6,[{file,"gen_server.erl"},{line,665}]},{proc_lib,init_p_do_apply,3,[{file,"proc_lib.erl"},{line,247}]}]},{<0.672.0>,{amqp_params_direct,none,none,<<"/">>,pampa_pro@localhost,none,[]}}],[{file,"src/amqp_gen_connection.erl"},{line,239}]},{gen_server,try_terminate,3,[{file,"gen_server.erl"},{line,648}]},{gen_server,terminate,10,[{file,"gen_server.erl"},{line,833}]},{proc_lib,init_p_do_apply,3,[{file,"proc_lib.erl"},{line,247}]}]}
** Client <0.670.0> stacktrace
** [{gen,do_call,4,[{file,"gen.erl"},{line,169}]},{gen_server,call,3,[{file,"gen_server.erl"},{line,210}]},{pampa_pro_app,start,2,[{file,"src/pampa_pro_app.erl"},{line,10}]},{application_master,start_it_old,4,[{file,"application_master.erl"},{line,273}]}]
2017-11-09 11:45:43 =ERROR REPORT====
** Generic server <0.673.0> terminating 
** Last message in was connect
** When Server state == {<0.672.0>,{amqp_params_direct,none,none,<<"/">>,pampa_pro@localhost,none,[]}}
** Reason for termination == 
** {function_clause,[{amqp_gen_connection,terminate,[{{case_clause,{badrpc,{'EXIT',{undef,[{rabbit_direct,connect,[{none,none},<<"/">>,rabbit_framing_amqp_0_9_1,<0.673.0>,[{pid,<0.673.0>},{protocol,{'Direct',{0,9,1}}},{host,unknown},{port,unknown},{name,<<"<pampa_pro@localhost.2.673.0>">>},{peer_host,unknown},{peer_port,unknown},{user,none},{vhost,<<"/">>},{client_properties,[]},{type,direct},{connected_at,1510199143225},{node,pampa_pro@localhost},{user_who_performed_action,none}]],[]},{rpc,local_call,3,[{file,"rpc.erl"},{line,321}]},{amqp_direct_connection,connect,4,[{file,"src/amqp_direct_connection.erl"},{line,151}]},{amqp_gen_connection,handle_call,3,[{file,"src/amqp_gen_connection.erl"},{line,171}]},{gen_server,try_handle_call,4,[{file,"gen_server.erl"},{line,636}]},{gen_server,handle_msg,6,[{file,"gen_server.erl"},{line,665}]},{proc_lib,init_p_do_apply,3,[{file,"proc_lib.erl"},{line,247}]}]}}}},[{amqp_direct_connection,connect,4,[{file,"src/amqp_direct_connection.erl"},{line,151}]},{amqp_gen_connection,handle_call,3,[{file,"src/amqp_gen_connection.erl"},{line,171}]},{gen_server,try_handle_call,4,[{file,"gen_server.erl"},{line,636}]},{gen_server,handle_msg,6,[{file,"gen_server.erl"},{line,665}]},{proc_lib,init_p_do_apply,3,[{file,"proc_lib.erl"},{line,247}]}]},{<0.672.0>,{amqp_params_direct,none,none,<<"/">>,pampa_pro@localhost,none,[]}}],[{file,"src/amqp_gen_connection.erl"},{line,239}]},{gen_server,try_terminate,3,[{file,"gen_server.erl"},{line,648}]},{gen_server,terminate,10,[{file,"gen_server.erl"},{line,833}]},{proc_lib,init_p_do_apply,3,[{file,"proc_lib.erl"},{line,247}]}]}
** Client <0.670.0> stacktrace
** [{gen,do_call,4,[{file,"gen.erl"},{line,169}]},{gen_server,call,3,[{file,"gen_server.erl"},{line,210}]},{pampa_pro_app,start,2,[{file,"src/pampa_pro_app.erl"},{line,10}]},{application_master,start_it_old,4,[{file,"application_master.erl"},{line,273}]}]
2017-11-09 12:12:54 =ERROR REPORT====
** Generic server <0.673.0> terminating 
** Last message in was connect
** When Server state == {<0.672.0>,{amqp_params_direct,none,none,"/","localhost",none,[]}}
** Reason for termination == 
** {function_clause,[{amqp_gen_connection,terminate,[{{case_clause,{badrpc,{'EXIT',{{function_clause,[{gen,do_for_proc,[{rex,"localhost"},#Fun<gen.0.94381411>],[{file,"gen.erl"},{line,253}]},{gen_server,call,3,[{file,"gen_server.erl"},{line,210}]},{rpc,do_call,3,[{file,"rpc.erl"},{line,327}]},{amqp_direct_connection,connect,4,[{file,"src/amqp_direct_connection.erl"},{line,151}]},{amqp_gen_connection,handle_call,3,[{file,"src/amqp_gen_connection.erl"},{line,171}]},{gen_server,try_handle_call,4,[{file,"gen_server.erl"},{line,636}]},{gen_server,handle_msg,6,[{file,"gen_server.erl"},{line,665}]},{proc_lib,init_p_do_apply,3,[{file,"proc_lib.erl"},{line,247}]}]},{gen_server,call,[{rex,"localhost"},{call,rabbit_direct,connect,[{none,none},"/",rabbit_framing_amqp_0_9_1,<0.673.0>,[{pid,<0.673.0>},{protocol,{'Direct',{0,9,1}}},{host,unknown},{port,unknown},{name,<<"<pampa_pro@localhost.1.673.0>">>},{peer_host,unknown},{peer_port,unknown},{user,none},{vhost,"/"},{client_properties,[]},{type,direct},{connected_at,1510200774065},{node,"localhost"},{user_who_performed_action,none}]],<0.665.0>},infinity]}}}}},[{amqp_direct_connection,connect,4,[{file,"src/amqp_direct_connection.erl"},{line,151}]},{amqp_gen_connection,handle_call,3,[{file,"src/amqp_gen_connection.erl"},{line,171}]},{gen_server,try_handle_call,4,[{file,"gen_server.erl"},{line,636}]},{gen_server,handle_msg,6,[{file,"gen_server.erl"},{line,665}]},{proc_lib,init_p_do_apply,3,[{file,"proc_lib.erl"},{line,247}]}]},{<0.672.0>,{amqp_params_direct,none,none,"/","localhost",none,[]}}],[{file,"src/amqp_gen_connection.erl"},{line,239}]},{gen_server,try_terminate,3,[{file,"gen_server.erl"},{line,648}]},{gen_server,terminate,10,[{file,"gen_server.erl"},{line,833}]},{proc_lib,init_p_do_apply,3,[{file,"proc_lib.erl"},{line,247}]}]}
** Client <0.670.0> stacktrace
** [{gen,do_call,4,[{file,"gen.erl"},{line,169}]},{gen_server,call,3,[{file,"gen_server.erl"},{line,210}]},{pampa_pro_app,start,2,[{file,"src/pampa_pro_app.erl"},{line,10}]},{application_master,start_it_old,4,[{file,"application_master.erl"},{line,273}]}]
2017-11-09 12:12:54 =CRASH REPORT====
  crasher:
    initial call: amqp_gen_connection:init/1
    pid: <0.673.0>
    registered_name: []
    exception error: {function_clause,[{amqp_gen_connection,terminate,[{{case_clause,{badrpc,{'EXIT',{{function_clause,[{gen,do_for_proc,[{rex,"localhost"},#Fun<gen.0.94381411>],[{file,"gen.erl"},{line,253}]},{gen_server,call,3,[{file,"gen_server.erl"},{line,210}]},{rpc,do_call,3,[{file,"rpc.erl"},{line,327}]},{amqp_direct_connection,connect,4,[{file,"src/amqp_direct_connection.erl"},{line,151}]},{amqp_gen_connection,handle_call,3,[{file,"src/amqp_gen_connection.erl"},{line,171}]},{gen_server,try_handle_call,4,[{file,"gen_server.erl"},{line,636}]},{gen_server,handle_msg,6,[{file,"gen_server.erl"},{line,665}]},{proc_lib,init_p_do_apply,3,[{file,"proc_lib.erl"},{line,247}]}]},{gen_server,call,[{rex,"localhost"},{call,rabbit_direct,connect,[{none,none},"/",rabbit_framing_amqp_0_9_1,<0.673.0>,[{pid,<0.673.0>},{protocol,{'Direct',{0,9,1}}},{host,unknown},{port,unknown},{name,<<"<pampa_pro@localhost.1.673.0>">>},{peer_host,unknown},{peer_port,unknown},{user,none},{vhost,"/"},{client_properties,[]},{type,direct},{connected_at,1510200774065},{node,"localhost"},{user_who_performed_action,none}]],<0.665.0>},infinity]}}}}},[{amqp_direct_connection,connect,4,[{file,"src/amqp_direct_connection.erl"},{line,151}]},{amqp_gen_connection,handle_call,3,[{file,"src/amqp_gen_connection.erl"},{line,171}]},{gen_server,try_handle_call,4,[{file,"gen_server.erl"},{line,636}]},{gen_server,handle_msg,6,[{file,"gen_server.erl"},{line,665}]},{proc_lib,init_p_do_apply,3,[{file,"proc_lib.erl"},{line,247}]}]},{<0.672.0>,{amqp_params_direct,none,none,"/","localhost",none,[]}}],[{file,"src/amqp_gen_connection.erl"},{line,239}]},{gen_server,try_terminate,3,[{file,"gen_server.erl"},{line,648}]},{gen_server,terminate,10,[{file,"gen_server.erl"},{line,833}]},{proc_lib,init_p_do_apply,3,[{file,"proc_lib.erl"},{line,247}]}]}
    ancestors: [<0.671.0>,amqp_sup,<0.666.0>]
    message_queue_len: 0
    messages: []
    links: [<0.671.0>]
    dictionary: []
    trap_exit: true
    status: running
    heap_size: 2586
    stack_size: 27
    reductions: 890
  neighbours:
2017-11-09 12:12:54 =SUPERVISOR REPORT====
     Supervisor: {<0.671.0>,amqp_connection_sup}
     Context:    child_terminated
     Reason:     {function_clause,[{amqp_gen_connection,terminate,[{{case_clause,{badrpc,{'EXIT',{{function_clause,[{gen,do_for_proc,[{rex,"localhost"},#Fun<gen.0.94381411>],[{file,"gen.erl"},{line,253}]},{gen_server,call,3,[{file,"gen_server.erl"},{line,210}]},{rpc,do_call,3,[{file,"rpc.erl"},{line,327}]},{amqp_direct_connection,connect,4,[{file,"src/amqp_direct_connection.erl"},{line,151}]},{amqp_gen_connection,handle_call,3,[{file,"src/amqp_gen_connection.erl"},{line,171}]},{gen_server,try_handle_call,4,[{file,"gen_server.erl"},{line,636}]},{gen_server,handle_msg,6,[{file,"gen_server.erl"},{line,665}]},{proc_lib,init_p_do_apply,3,[{file,"proc_lib.erl"},{line,247}]}]},{gen_server,call,[{rex,"localhost"},{call,rabbit_direct,connect,[{none,none},"/",rabbit_framing_amqp_0_9_1,<0.673.0>,[{pid,<0.673.0>},{protocol,{'Direct',{0,9,1}}},{host,unknown},{port,unknown},{name,<<"<pampa_pro@localhost.1.673.0>">>},{peer_host,unknown},{peer_port,unknown},{user,none},{vhost,"/"},{client_properties,[]},{type,direct},{connected_at,1510200774065},{node,"localhost"},{user_who_performed_action,none}]],<0.665.0>},infinity]}}}}},[{amqp_direct_connection,connect,4,[{file,"src/amqp_direct_connection.erl"},{line,151}]},{amqp_gen_connection,handle_call,3,[{file,"src/amqp_gen_connection.erl"},{line,171}]},{gen_server,try_handle_call,4,[{file,"gen_server.erl"},{line,636}]},{gen_server,handle_msg,6,[{file,"gen_server.erl"},{line,665}]},{proc_lib,init_p_do_apply,3,[{file,"proc_lib.erl"},{line,247}]}]},{<0.672.0>,{amqp_params_direct,none,none,"/","localhost",none,[]}}],[{file,"src/amqp_gen_connection.erl"},{line,239}]},{gen_server,try_terminate,3,[{file,"gen_server.erl"},{line,648}]},{gen_server,terminate,10,[{file,"gen_server.erl"},{line,833}]},{proc_lib,init_p_do_apply,3,[{file,"proc_lib.erl"},{line,247}]}]}
     Offender:   [{pid,<0.673.0>},{name,connection},{mfargs,{amqp_gen_connection,start_link,[<0.672.0>,{amqp_params_direct,none,none,"/","localhost",none,[]}]}},{restart_type,intrinsic},{shutdown,brutal_kill},{child_type,worker}]

2017-11-09 12:12:54 =SUPERVISOR REPORT====
     Supervisor: {<0.671.0>,amqp_connection_sup}
     Context:    shutdown
     Reason:     reached_max_restart_intensity
     Offender:   [{pid,<0.673.0>},{name,connection},{mfargs,{amqp_gen_connection,start_link,[<0.672.0>,{amqp_params_direct,none,none,"/","localhost",none,[]}]}},{restart_type,intrinsic},{shutdown,brutal_kill},{child_type,worker}]

2017-11-09 12:12:54 =CRASH REPORT====
  crasher:
    initial call: application_master:init/4
    pid: <0.669.0>
    registered_name: []
    exception exit: {{bad_return,{{pampa_pro_app,start,[normal,[]]},{'EXIT',{{function_clause,[{amqp_gen_connection,terminate,[{{case_clause,{badrpc,{'EXIT',{{function_clause,[{gen,do_for_proc,[{rex,"localhost"},#Fun<gen.0.94381411>],[{file,"gen.erl"},{line,253}]},{gen_server,call,3,[{file,"gen_server.erl"},{line,210}]},{rpc,do_call,3,[{file,"rpc.erl"},{line,327}]},{amqp_direct_connection,connect,4,[{file,"src/amqp_direct_connection.erl"},{line,151}]},{amqp_gen_connection,handle_call,3,[{file,"src/amqp_gen_connection.erl"},{line,171}]},{gen_server,try_handle_call,4,[{file,"gen_server.erl"},{line,636}]},{gen_server,handle_msg,6,[{file,"gen_server.erl"},{line,665}]},{proc_lib,init_p_do_apply,3,[{file,"proc_lib.erl"},{line,247}]}]},{gen_server,call,[{rex,"localhost"},{call,rabbit_direct,connect,[{none,none},"/",rabbit_framing_amqp_0_9_1,<0.673.0>,[{pid,<0.673.0>},{protocol,{'Direct',{0,9,1}}},{host,unknown},{port,unknown},{name,<<"<pampa_pro@localhost.1.673.0>">>},{peer_host,unknown},{peer_port,unknown},{user,none},{vhost,"/"},{client_properties,[]},{type,direct},{connected_at,1510200774065},{node,"localhost"},{user_who_performed_action,none}]],<0.665.0>},infinity]}}}}},[{amqp_direct_connection,connect,4,[{file,"src/amqp_direct_connection.erl"},{line,151}]},{amqp_gen_connection,handle_call,3,[{file,"src/amqp_gen_connection.erl"},{line,171}]},{gen_server,try_handle_call,4,[{file,"gen_server.erl"},{line,636}]},{gen_server,handle_msg,6,[{file,"gen_server.erl"},{line,665}]},{proc_lib,init_p_do_apply,3,[{file,"proc_lib.erl"},{line,247}]}]},{<0.672.0>,{amqp_params_direct,none,none,"/","localhost",none,[]}}],[{file,"src/amqp_gen_connection.erl"},{line,239}]},{gen_server,try_terminate,3,[{file,"gen_server.erl"},{line,648}]},{gen_server,terminate,10,[{file,"gen_server.erl"},{line,833}]},{proc_lib,init_p_do_apply,3,[{file,"proc_lib.erl"},{line,247}]}]},{gen_server,call,[<0.673.0>,connect,60000]}}}}},[{application_master,init,4,[{file,"application_master.erl"},{line,134}]},{proc_lib,init_p_do_apply,3,[{file,"proc_lib.erl"},{line,247}]}]}
    ancestors: [<0.668.0>]
    message_queue_len: 1
    messages: [{'EXIT',<0.670.0>,normal}]
    links: [<0.668.0>,<0.560.0>]
    dictionary: []
    trap_exit: true
    status: running
    heap_size: 2586
    stack_size: 27
    reductions: 301
  neighbours:
2017-11-09 12:21:27 =ERROR REPORT====
** Generic server <0.673.0> terminating 
** Last message in was connect
** When Server state == {<0.672.0>,{amqp_params_direct,none,none,"/","localhost",none,[]}}
** Reason for termination == 
** {function_clause,[{amqp_gen_connection,terminate,[{{case_clause,{badrpc,{'EXIT',{{function_clause,[{gen,do_for_proc,[{rex,"localhost"},#Fun<gen.0.94381411>],[{file,"gen.erl"},{line,253}]},{gen_server,call,3,[{file,"gen_server.erl"},{line,210}]},{rpc,do_call,3,[{file,"rpc.erl"},{line,327}]},{amqp_direct_connection,connect,4,[{file,"src/amqp_direct_connection.erl"},{line,151}]},{amqp_gen_connection,handle_call,3,[{file,"src/amqp_gen_connection.erl"},{line,171}]},{gen_server,try_handle_call,4,[{file,"gen_server.erl"},{line,636}]},{gen_server,handle_msg,6,[{file,"gen_server.erl"},{line,665}]},{proc_lib,init_p_do_apply,3,[{file,"proc_lib.erl"},{line,247}]}]},{gen_server,call,[{rex,"localhost"},{call,rabbit_direct,connect,[{none,none},"/",rabbit_framing_amqp_0_9_1,<0.673.0>,[{pid,<0.673.0>},{protocol,{'Direct',{0,9,1}}},{host,unknown},{port,unknown},{name,<<"<pampa_pro@localhost.3.673.0>">>},{peer_host,unknown},{peer_port,unknown},{user,none},{vhost,"/"},{client_properties,[]},{type,direct},{connected_at,1510201287294},{node,"localhost"},{user_who_performed_action,none}]],<0.665.0>},infinity]}}}}},[{amqp_direct_connection,connect,4,[{file,"src/amqp_direct_connection.erl"},{line,151}]},{amqp_gen_connection,handle_call,3,[{file,"src/amqp_gen_connection.erl"},{line,171}]},{gen_server,try_handle_call,4,[{file,"gen_server.erl"},{line,636}]},{gen_server,handle_msg,6,[{file,"gen_server.erl"},{line,665}]},{proc_lib,init_p_do_apply,3,[{file,"proc_lib.erl"},{line,247}]}]},{<0.672.0>,{amqp_params_direct,none,none,"/","localhost",none,[]}}],[{file,"src/amqp_gen_connection.erl"},{line,239}]},{gen_server,try_terminate,3,[{file,"gen_server.erl"},{line,648}]},{gen_server,terminate,10,[{file,"gen_server.erl"},{line,833}]},{proc_lib,init_p_do_apply,3,[{file,"proc_lib.erl"},{line,247}]}]}
** Client <0.670.0> stacktrace
** [{gen,do_call,4,[{file,"gen.erl"},{line,169}]},{gen_server,call,3,[{file,"gen_server.erl"},{line,210}]},{pampa_pro_app,start,2,[{file,"src/pampa_pro_app.erl"},{line,10}]},{application_master,start_it_old,4,[{file,"application_master.erl"},{line,273}]}]
2017-11-09 12:26:45 =ERROR REPORT====
** Generic server <0.673.0> terminating 
** Last message in was connect
** When Server state == {<0.672.0>,{amqp_params_direct,none,none,<<"/">>,pampa_pro@localhost,none,[]}}
** Reason for termination == 
** {function_clause,[{amqp_gen_connection,terminate,[{{case_clause,{badrpc,{'EXIT',{undef,[{rabbit_direct,connect,[{none,none},<<"/">>,rabbit_framing_amqp_0_9_1,<0.673.0>,[{pid,<0.673.0>},{protocol,{'Direct',{0,9,1}}},{host,unknown},{port,unknown},{name,<<"<pampa_pro@localhost.3.673.0>">>},{peer_host,unknown},{peer_port,unknown},{user,none},{vhost,<<"/">>},{client_properties,[]},{type,direct},{connected_at,1510201605862},{node,pampa_pro@localhost},{user_who_performed_action,none}]],[]},{rpc,local_call,3,[{file,"rpc.erl"},{line,321}]},{amqp_direct_connection,connect,4,[{file,"src/amqp_direct_connection.erl"},{line,151}]},{amqp_gen_connection,handle_call,3,[{file,"src/amqp_gen_connection.erl"},{line,171}]},{gen_server,try_handle_call,4,[{file,"gen_server.erl"},{line,636}]},{gen_server,handle_msg,6,[{file,"gen_server.erl"},{line,665}]},{proc_lib,init_p_do_apply,3,[{file,"proc_lib.erl"},{line,247}]}]}}}},[{amqp_direct_connection,connect,4,[{file,"src/amqp_direct_connection.erl"},{line,151}]},{amqp_gen_connection,handle_call,3,[{file,"src/amqp_gen_connection.erl"},{line,171}]},{gen_server,try_handle_call,4,[{file,"gen_server.erl"},{line,636}]},{gen_server,handle_msg,6,[{file,"gen_server.erl"},{line,665}]},{proc_lib,init_p_do_apply,3,[{file,"proc_lib.erl"},{line,247}]}]},{<0.672.0>,{amqp_params_direct,none,none,<<"/">>,pampa_pro@localhost,none,[]}}],[{file,"src/amqp_gen_connection.erl"},{line,239}]},{gen_server,try_terminate,3,[{file,"gen_server.erl"},{line,648}]},{gen_server,terminate,10,[{file,"gen_server.erl"},{line,833}]},{proc_lib,init_p_do_apply,3,[{file,"proc_lib.erl"},{line,247}]}]}
** Client <0.670.0> stacktrace
** [{gen,do_call,4,[{file,"gen.erl"},{line,169}]},{gen_server,call,3,[{file,"gen_server.erl"},{line,210}]},{pampa_pro_app,start,2,[{file,"src/pampa_pro_app.erl"},{line,10}]},{application_master,start_it_old,4,[{file,"application_master.erl"},{line,273}]}]
2017-11-09 14:04:12 =ERROR REPORT====
/home/pampa/pampa_pro/src/ws_handler.erl:1: Error: no module definition
2017-11-09 14:06:03 =ERROR REPORT====
/home/pampa/pampa_pro/src/msger.erl:1: Error: no module definition
2017-11-09 14:23:43 =ERROR REPORT====
/home/pampa/pampa_pro/src/ws_handler.erl:16: Warning: variable 'WsId' is unused
/home/pampa/pampa_pro/src/ws_handler.erl:19: Error: record ws_state undefined
/home/pampa/pampa_pro/src/ws_handler.erl:40: Warning: variable 'MsgerPid' is unused
/home/pampa/pampa_pro/src/ws_handler.erl:42: Error: record ws_state undefined
/home/pampa/pampa_pro/src/ws_handler.erl:44: Error: record ws_state undefined
/home/pampa/pampa_pro/src/ws_handler.erl:59: Error: record ws_state undefined
/home/pampa/pampa_pro/src/ws_handler.erl:65: Error: record ws_state undefined
/home/pampa/pampa_pro/src/ws_handler.erl:90: Error: record ws_state undefined
/home/pampa/pampa_pro/src/ws_handler.erl:91: Error: record ws_state undefined
2017-11-09 14:25:56 =ERROR REPORT====
/home/pampa/pampa_pro/src/msger.erl:9: Warning: variable 'WsPid' is unused
/home/pampa/pampa_pro/src/msger.erl:26: Warning: variable 'Tag' is unused
/home/pampa/pampa_pro/src/msger.erl:36: Error: record msger_state undefined
/home/pampa/pampa_pro/src/msger.erl:58: Error: record msger_state undefined
/home/pampa/pampa_pro/src/msger.erl:63: Error: record msger_state undefined
/home/pampa/pampa_pro/src/msger.erl:68: Error: record msger_state undefined
2017-11-09 14:26:05 =ERROR REPORT====
/home/pampa/pampa_pro/src/msger.erl:9: Warning: variable 'WsPid' is unused
/home/pampa/pampa_pro/src/msger.erl:26: Warning: variable 'Tag' is unused
/home/pampa/pampa_pro/src/msger.erl:36: Error: record msger_state undefined
/home/pampa/pampa_pro/src/msger.erl:58: Error: record msger_state undefined
/home/pampa/pampa_pro/src/msger.erl:63: Error: record msger_state undefined
/home/pampa/pampa_pro/src/msger.erl:68: Error: record msger_state undefined
2017-11-09 14:26:19 =ERROR REPORT====
/home/pampa/pampa_pro/src/msger.erl:9: Warning: variable 'WsPid' is unused
/home/pampa/pampa_pro/src/msger.erl:26: Warning: variable 'Tag' is unused
/home/pampa/pampa_pro/src/msger.erl:36: Error: record msger_state undefined
/home/pampa/pampa_pro/src/msger.erl:58: Error: record msger_state undefined
/home/pampa/pampa_pro/src/msger.erl:63: Error: record msger_state undefined
/home/pampa/pampa_pro/src/msger.erl:68: Error: record msger_state undefined
2017-11-09 15:17:59 =CRASH REPORT====
  crasher:
    initial call: cowboy_stream_h:request_process/3
    pid: <0.3378.0>
    registered_name: []
    exception error: bad argument: [{erlang,iolist_size,[[{<<"egheoin">>,true}]],[]},{cowboy_req,reply,4,[{file,"src/cowboy_req.erl"},{line,706}]},{http_handler,handle,3,[{file,"src/http_handler.erl"},{line,29}]},{cowboy_handler,execute,2,[{file,"src/cowboy_handler.erl"},{line,37}]},{cowboy_stream_h,execute,3,[{file,"src/cowboy_stream_h.erl"},{line,205}]},{cowboy_stream_h,request_process,3,[{file,"src/cowboy_stream_h.erl"},{line,184}]},{proc_lib,init_p_do_apply,3,[{file,"proc_lib.erl"},{line,247}]}]
    ancestors: [<0.3377.0>,<0.675.0>,<0.674.0>,ranch_sup,<0.657.0>]
    message_queue_len: 0
    messages: []
    links: [<0.3377.0>]
    dictionary: []
    trap_exit: false
    status: running
    heap_size: 610
    stack_size: 27
    reductions: 300
  neighbours:
2017-11-09 15:17:59 =ERROR REPORT====
Ranch listener my_http_listener, connection process <0.3377.0>, stream 1 had its request process <0.3378.0> exit with reason badarg and stacktrace [{erlang,iolist_size,[[{<<"egheoin">>,true}]],[]},{cowboy_req,reply,4,[{file,"src/cowboy_req.erl"},{line,706}]},{http_handler,handle,3,[{file,"src/http_handler.erl"},{line,29}]},{cowboy_handler,execute,2,[{file,"src/cowboy_handler.erl"},{line,37}]},{cowboy_stream_h,execute,3,[{file,"src/cowboy_stream_h.erl"},{line,205}]},{cowboy_stream_h,request_process,3,[{file,"src/cowboy_stream_h.erl"},{line,184}]},{proc_lib,init_p_do_apply,3,[{file,"proc_lib.erl"},{line,247}]}]
2017-11-09 15:18:02 =CRASH REPORT====
  crasher:
    initial call: cowboy_stream_h:request_process/3
    pid: <0.3389.0>
    registered_name: []
    exception error: bad argument: [{erlang,iolist_size,[[{<<"egheoin">>,true}]],[]},{cowboy_req,reply,4,[{file,"src/cowboy_req.erl"},{line,706}]},{http_handler,handle,3,[{file,"src/http_handler.erl"},{line,29}]},{cowboy_handler,execute,2,[{file,"src/cowboy_handler.erl"},{line,37}]},{cowboy_stream_h,execute,3,[{file,"src/cowboy_stream_h.erl"},{line,205}]},{cowboy_stream_h,request_process,3,[{file,"src/cowboy_stream_h.erl"},{line,184}]},{proc_lib,init_p_do_apply,3,[{file,"proc_lib.erl"},{line,247}]}]
    ancestors: [<0.3388.0>,<0.675.0>,<0.674.0>,ranch_sup,<0.657.0>]
    message_queue_len: 0
    messages: []
    links: [<0.3388.0>]
    dictionary: []
    trap_exit: false
    status: running
    heap_size: 610
    stack_size: 27
    reductions: 302
  neighbours:
2017-11-09 15:18:02 =ERROR REPORT====
Ranch listener my_http_listener, connection process <0.3388.0>, stream 1 had its request process <0.3389.0> exit with reason badarg and stacktrace [{erlang,iolist_size,[[{<<"egheoin">>,true}]],[]},{cowboy_req,reply,4,[{file,"src/cowboy_req.erl"},{line,706}]},{http_handler,handle,3,[{file,"src/http_handler.erl"},{line,29}]},{cowboy_handler,execute,2,[{file,"src/cowboy_handler.erl"},{line,37}]},{cowboy_stream_h,execute,3,[{file,"src/cowboy_stream_h.erl"},{line,205}]},{cowboy_stream_h,request_process,3,[{file,"src/cowboy_stream_h.erl"},{line,184}]},{proc_lib,init_p_do_apply,3,[{file,"proc_lib.erl"},{line,247}]}]
2017-11-09 15:19:32 =CRASH REPORT====
  crasher:
    initial call: cowboy_stream_h:request_process/3
    pid: <0.3600.0>
    registered_name: []
    exception error: bad argument: [{erlang,iolist_size,[[{<<"foo">>,<<"bar">>}]],[]},{cowboy_req,reply,4,[{file,"src/cowboy_req.erl"},{line,706}]},{http_handler,handle,3,[{file,"src/http_handler.erl"},{line,29}]},{cowboy_handler,execute,2,[{file,"src/cowboy_handler.erl"},{line,37}]},{cowboy_stream_h,execute,3,[{file,"src/cowboy_stream_h.erl"},{line,205}]},{cowboy_stream_h,request_process,3,[{file,"src/cowboy_stream_h.erl"},{line,184}]},{proc_lib,init_p_do_apply,3,[{file,"proc_lib.erl"},{line,247}]}]
    ancestors: [<0.3599.0>,<0.675.0>,<0.674.0>,ranch_sup,<0.657.0>]
    message_queue_len: 0
    messages: []
    links: [<0.3599.0>]
    dictionary: []
    trap_exit: false
    status: running
    heap_size: 987
    stack_size: 27
    reductions: 352
  neighbours:
2017-11-09 15:19:32 =ERROR REPORT====
Ranch listener my_http_listener, connection process <0.3599.0>, stream 1 had its request process <0.3600.0> exit with reason badarg and stacktrace [{erlang,iolist_size,[[{<<"foo">>,<<"bar">>}]],[]},{cowboy_req,reply,4,[{file,"src/cowboy_req.erl"},{line,706}]},{http_handler,handle,3,[{file,"src/http_handler.erl"},{line,29}]},{cowboy_handler,execute,2,[{file,"src/cowboy_handler.erl"},{line,37}]},{cowboy_stream_h,execute,3,[{file,"src/cowboy_stream_h.erl"},{line,205}]},{cowboy_stream_h,request_process,3,[{file,"src/cowboy_stream_h.erl"},{line,184}]},{proc_lib,init_p_do_apply,3,[{file,"proc_lib.erl"},{line,247}]}]
2017-11-09 15:21:45 =CRASH REPORT====
  crasher:
    initial call: cowboy_stream_h:request_process/3
    pid: <0.3912.0>
    registered_name: []
    exception error: {{badmatch,#{<<"echo1">> => <<"bar">>}},[{http_handler,handle,3,[{file,"/home/pampa/pampa_pro/src/http_handler.erl"},{line,38}]},{cowboy_handler,execute,2,[{file,"src/cowboy_handler.erl"},{line,37}]},{cowboy_stream_h,execute,3,[{file,"src/cowboy_stream_h.erl"},{line,205}]},{cowboy_stream_h,request_process,3,[{file,"src/cowboy_stream_h.erl"},{line,184}]},{proc_lib,init_p_do_apply,3,[{file,"proc_lib.erl"},{line,247}]}]}
    ancestors: [<0.3911.0>,<0.675.0>,<0.674.0>,ranch_sup,<0.657.0>]
    message_queue_len: 0
    messages: []
    links: [<0.3911.0>]
    dictionary: []
    trap_exit: false
    status: running
    heap_size: 610
    stack_size: 27
    reductions: 308
  neighbours:
2017-11-09 15:21:45 =ERROR REPORT====
Ranch listener my_http_listener, connection process <0.3911.0>, stream 1 had its request process <0.3912.0> exit with reason {badmatch,#{<<"echo1">> => <<"bar">>}} and stacktrace [{http_handler,handle,3,[{file,"/home/pampa/pampa_pro/src/http_handler.erl"},{line,38}]},{cowboy_handler,execute,2,[{file,"src/cowboy_handler.erl"},{line,37}]},{cowboy_stream_h,execute,3,[{file,"src/cowboy_stream_h.erl"},{line,205}]},{cowboy_stream_h,request_process,3,[{file,"src/cowboy_stream_h.erl"},{line,184}]},{proc_lib,init_p_do_apply,3,[{file,"proc_lib.erl"},{line,247}]}]
2017-11-09 15:22:18 =ERROR REPORT====
/home/pampa/pampa_pro/src/http_handler.erl:36: Warning: variable 'Echo' is unused
/home/pampa/pampa_pro/src/http_handler.erl:37: Error: variable 'Other' is unbound
2017-11-09 15:22:22 =ERROR REPORT====
/home/pampa/pampa_pro/src/http_handler.erl:36: Warning: variable 'Echo' is unused
/home/pampa/pampa_pro/src/http_handler.erl:37: Error: variable '_Other' is unbound
2017-11-09 15:22:33 =ERROR REPORT====
/home/pampa/pampa_pro/src/http_handler.erl:37: Error: variable '_Other' is unbound
2017-11-09 15:22:41 =CRASH REPORT====
  crasher:
    initial call: cowboy_stream_h:request_process/3
    pid: <0.4053.0>
    registered_name: []
    exception error: {{badmatch,#{<<"echo1">> => <<"bar">>}},[{http_handler,handle,3,[{file,"/home/pampa/pampa_pro/src/http_handler.erl"},{line,38}]},{cowboy_handler,execute,2,[{file,"src/cowboy_handler.erl"},{line,37}]},{cowboy_stream_h,execute,3,[{file,"src/cowboy_stream_h.erl"},{line,205}]},{cowboy_stream_h,request_process,3,[{file,"src/cowboy_stream_h.erl"},{line,184}]},{proc_lib,init_p_do_apply,3,[{file,"proc_lib.erl"},{line,247}]}]}
    ancestors: [<0.4052.0>,<0.675.0>,<0.674.0>,ranch_sup,<0.657.0>]
    message_queue_len: 0
    messages: []
    links: [<0.4052.0>]
    dictionary: []
    trap_exit: false
    status: running
    heap_size: 610
    stack_size: 27
    reductions: 308
  neighbours:
2017-11-09 15:22:41 =ERROR REPORT====
Ranch listener my_http_listener, connection process <0.4052.0>, stream 1 had its request process <0.4053.0> exit with reason {badmatch,#{<<"echo1">> => <<"bar">>}} and stacktrace [{http_handler,handle,3,[{file,"/home/pampa/pampa_pro/src/http_handler.erl"},{line,38}]},{cowboy_handler,execute,2,[{file,"src/cowboy_handler.erl"},{line,37}]},{cowboy_stream_h,execute,3,[{file,"src/cowboy_stream_h.erl"},{line,205}]},{cowboy_stream_h,request_process,3,[{file,"src/cowboy_stream_h.erl"},{line,184}]},{proc_lib,init_p_do_apply,3,[{file,"proc_lib.erl"},{line,247}]}]
2017-11-09 15:23:08 =ERROR REPORT====
/home/pampa/pampa_pro/src/http_handler.erl:37: Error: variable '_Other' is unbound
2017-11-09 15:23:16 =CRASH REPORT====
  crasher:
    initial call: cowboy_stream_h:request_process/3
    pid: <0.4139.0>
    registered_name: []
    exception error: {{badmatch,#{<<"echo1">> => <<"bar">>}},[{http_handler,handle,3,[{file,"/home/pampa/pampa_pro/src/http_handler.erl"},{line,38}]},{cowboy_handler,execute,2,[{file,"src/cowboy_handler.erl"},{line,37}]},{cowboy_stream_h,execute,3,[{file,"src/cowboy_stream_h.erl"},{line,205}]},{cowboy_stream_h,request_process,3,[{file,"src/cowboy_stream_h.erl"},{line,184}]},{proc_lib,init_p_do_apply,3,[{file,"proc_lib.erl"},{line,247}]}]}
    ancestors: [<0.4138.0>,<0.675.0>,<0.674.0>,ranch_sup,<0.657.0>]
    message_queue_len: 0
    messages: []
    links: [<0.4138.0>]
    dictionary: []
    trap_exit: false
    status: running
    heap_size: 610
    stack_size: 27
    reductions: 308
  neighbours:
2017-11-09 15:23:16 =ERROR REPORT====
Ranch listener my_http_listener, connection process <0.4138.0>, stream 1 had its request process <0.4139.0> exit with reason {badmatch,#{<<"echo1">> => <<"bar">>}} and stacktrace [{http_handler,handle,3,[{file,"/home/pampa/pampa_pro/src/http_handler.erl"},{line,38}]},{cowboy_handler,execute,2,[{file,"src/cowboy_handler.erl"},{line,37}]},{cowboy_stream_h,execute,3,[{file,"src/cowboy_stream_h.erl"},{line,205}]},{cowboy_stream_h,request_process,3,[{file,"src/cowboy_stream_h.erl"},{line,184}]},{proc_lib,init_p_do_apply,3,[{file,"proc_lib.erl"},{line,247}]}]
2017-11-09 15:23:18 =CRASH REPORT====
  crasher:
    initial call: cowboy_stream_h:request_process/3
    pid: <0.4148.0>
    registered_name: []
    exception error: {{badmatch,#{<<"echo1">> => <<"bar">>}},[{http_handler,handle,3,[{file,"/home/pampa/pampa_pro/src/http_handler.erl"},{line,38}]},{cowboy_handler,execute,2,[{file,"src/cowboy_handler.erl"},{line,37}]},{cowboy_stream_h,execute,3,[{file,"src/cowboy_stream_h.erl"},{line,205}]},{cowboy_stream_h,request_process,3,[{file,"src/cowboy_stream_h.erl"},{line,184}]},{proc_lib,init_p_do_apply,3,[{file,"proc_lib.erl"},{line,247}]}]}
    ancestors: [<0.4147.0>,<0.675.0>,<0.674.0>,ranch_sup,<0.657.0>]
    message_queue_len: 0
    messages: []
    links: [<0.4147.0>]
    dictionary: []
    trap_exit: false
    status: running
    heap_size: 610
    stack_size: 27
    reductions: 308
  neighbours:
2017-11-09 15:23:18 =ERROR REPORT====
Ranch listener my_http_listener, connection process <0.4147.0>, stream 1 had its request process <0.4148.0> exit with reason {badmatch,#{<<"echo1">> => <<"bar">>}} and stacktrace [{http_handler,handle,3,[{file,"/home/pampa/pampa_pro/src/http_handler.erl"},{line,38}]},{cowboy_handler,execute,2,[{file,"src/cowboy_handler.erl"},{line,37}]},{cowboy_stream_h,execute,3,[{file,"src/cowboy_stream_h.erl"},{line,205}]},{cowboy_stream_h,request_process,3,[{file,"src/cowboy_stream_h.erl"},{line,184}]},{proc_lib,init_p_do_apply,3,[{file,"proc_lib.erl"},{line,247}]}]
2017-11-09 15:23:35 =ERROR REPORT====
/home/pampa/pampa_pro/src/http_handler.erl:1: Error: no module definition
2017-11-09 15:23:53 =ERROR REPORT====
/home/pampa/pampa_pro/src/http_handler.erl:45: Error: variable 'OtherValue' is unbound
2017-11-09 15:24:17 =CRASH REPORT====
  crasher:
    initial call: cowboy_stream_h:request_process/3
    pid: <0.4301.0>
    registered_name: []
    exception error: {function_clause,[{cowboy_req,do_reply,[200,#{<<"content-length">> => <<"0">>,<<"content-type">> => <<"text/plain">>},<<>>,<<"bar">>],[{file,"src/cowboy_req.erl"},{line,712}]},{http_handler,handle,3,[{file,"/home/pampa/pampa_pro/src/http_handler.erl"},{line,42}]},{cowboy_handler,execute,2,[{file,"src/cowboy_handler.erl"},{line,37}]},{cowboy_stream_h,execute,3,[{file,"src/cowboy_stream_h.erl"},{line,205}]},{cowboy_stream_h,request_process,3,[{file,"src/cowboy_stream_h.erl"},{line,184}]},{proc_lib,init_p_do_apply,3,[{file,"proc_lib.erl"},{line,247}]}]}
    ancestors: [<0.4300.0>,<0.675.0>,<0.674.0>,ranch_sup,<0.657.0>]
    message_queue_len: 0
    messages: []
    links: [<0.4300.0>]
    dictionary: []
    trap_exit: false
    status: running
    heap_size: 987
    stack_size: 27
    reductions: 367
  neighbours:
2017-11-09 15:24:17 =ERROR REPORT====
Ranch listener my_http_listener, connection process <0.4300.0>, stream 1 had its request process <0.4301.0> exit with reason function_clause and stacktrace [{cowboy_req,do_reply,[200,#{<<"content-length">> => <<"0">>,<<"content-type">> => <<"text/plain">>},<<>>,<<"bar">>],[{file,"src/cowboy_req.erl"},{line,712}]},{http_handler,handle,3,[{file,"/home/pampa/pampa_pro/src/http_handler.erl"},{line,42}]},{cowboy_handler,execute,2,[{file,"src/cowboy_handler.erl"},{line,37}]},{cowboy_stream_h,execute,3,[{file,"src/cowboy_stream_h.erl"},{line,205}]},{cowboy_stream_h,request_process,3,[{file,"src/cowboy_stream_h.erl"},{line,184}]},{proc_lib,init_p_do_apply,3,[{file,"proc_lib.erl"},{line,247}]}]
2017-11-09 15:24:19 =CRASH REPORT====
  crasher:
    initial call: cowboy_stream_h:request_process/3
    pid: <0.4307.0>
    registered_name: []
    exception error: {function_clause,[{cowboy_req,do_reply,[200,#{<<"content-length">> => <<"0">>,<<"content-type">> => <<"text/plain">>},<<>>,<<"bar\\">>],[{file,"src/cowboy_req.erl"},{line,712}]},{http_handler,handle,3,[{file,"/home/pampa/pampa_pro/src/http_handler.erl"},{line,42}]},{cowboy_handler,execute,2,[{file,"src/cowboy_handler.erl"},{line,37}]},{cowboy_stream_h,execute,3,[{file,"src/cowboy_stream_h.erl"},{line,205}]},{cowboy_stream_h,request_process,3,[{file,"src/cowboy_stream_h.erl"},{line,184}]},{proc_lib,init_p_do_apply,3,[{file,"proc_lib.erl"},{line,247}]}]}
    ancestors: [<0.4306.0>,<0.675.0>,<0.674.0>,ranch_sup,<0.657.0>]
    message_queue_len: 0
    messages: []
    links: [<0.4306.0>]
    dictionary: []
    trap_exit: false
    status: running
    heap_size: 987
    stack_size: 27
    reductions: 368
  neighbours:
2017-11-09 15:24:19 =ERROR REPORT====
Ranch listener my_http_listener, connection process <0.4306.0>, stream 1 had its request process <0.4307.0> exit with reason function_clause and stacktrace [{cowboy_req,do_reply,[200,#{<<"content-length">> => <<"0">>,<<"content-type">> => <<"text/plain">>},<<>>,<<"bar\\">>],[{file,"src/cowboy_req.erl"},{line,712}]},{http_handler,handle,3,[{file,"/home/pampa/pampa_pro/src/http_handler.erl"},{line,42}]},{cowboy_handler,execute,2,[{file,"src/cowboy_handler.erl"},{line,37}]},{cowboy_stream_h,execute,3,[{file,"src/cowboy_stream_h.erl"},{line,205}]},{cowboy_stream_h,request_process,3,[{file,"src/cowboy_stream_h.erl"},{line,184}]},{proc_lib,init_p_do_apply,3,[{file,"proc_lib.erl"},{line,247}]}]
2017-11-09 15:24:20 =CRASH REPORT====
  crasher:
    initial call: cowboy_stream_h:request_process/3
    pid: <0.4314.0>
    registered_name: []
    exception error: {function_clause,[{cowboy_req,do_reply,[200,#{<<"content-length">> => <<"0">>,<<"content-type">> => <<"text/plain">>},<<>>,<<"bar">>],[{file,"src/cowboy_req.erl"},{line,712}]},{http_handler,handle,3,[{file,"/home/pampa/pampa_pro/src/http_handler.erl"},{line,42}]},{cowboy_handler,execute,2,[{file,"src/cowboy_handler.erl"},{line,37}]},{cowboy_stream_h,execute,3,[{file,"src/cowboy_stream_h.erl"},{line,205}]},{cowboy_stream_h,request_process,3,[{file,"src/cowboy_stream_h.erl"},{line,184}]},{proc_lib,init_p_do_apply,3,[{file,"proc_lib.erl"},{line,247}]}]}
    ancestors: [<0.4313.0>,<0.675.0>,<0.674.0>,ranch_sup,<0.657.0>]
    message_queue_len: 0
    messages: []
    links: [<0.4313.0>]
    dictionary: []
    trap_exit: false
    status: running
    heap_size: 987
    stack_size: 27
    reductions: 367
  neighbours:
2017-11-09 15:24:20 =ERROR REPORT====
Ranch listener my_http_listener, connection process <0.4313.0>, stream 1 had its request process <0.4314.0> exit with reason function_clause and stacktrace [{cowboy_req,do_reply,[200,#{<<"content-length">> => <<"0">>,<<"content-type">> => <<"text/plain">>},<<>>,<<"bar">>],[{file,"src/cowboy_req.erl"},{line,712}]},{http_handler,handle,3,[{file,"/home/pampa/pampa_pro/src/http_handler.erl"},{line,42}]},{cowboy_handler,execute,2,[{file,"src/cowboy_handler.erl"},{line,37}]},{cowboy_stream_h,execute,3,[{file,"src/cowboy_stream_h.erl"},{line,205}]},{cowboy_stream_h,request_process,3,[{file,"src/cowboy_stream_h.erl"},{line,184}]},{proc_lib,init_p_do_apply,3,[{file,"proc_lib.erl"},{line,247}]}]
2017-11-09 15:24:41 =ERROR REPORT====
/home/pampa/pampa_pro/src/http_handler.erl:24: Error: function handle/3 undefined
/home/pampa/pampa_pro/src/http_handler.erl:39: Error: syntax error before: '}'
2017-11-09 15:24:43 =CRASH REPORT====
  crasher:
    initial call: cowboy_stream_h:request_process/3
    pid: <0.4372.0>
    registered_name: []
    exception error: {function_clause,[{cowboy_req,do_reply,[200,#{<<"content-length">> => <<"0">>,<<"content-type">> => <<"text/plain">>},<<>>,<<"bar">>],[{file,"src/cowboy_req.erl"},{line,712}]},{http_handler,handle,3,[{file,"/home/pampa/pampa_pro/src/http_handler.erl"},{line,42}]},{cowboy_handler,execute,2,[{file,"src/cowboy_handler.erl"},{line,37}]},{cowboy_stream_h,execute,3,[{file,"src/cowboy_stream_h.erl"},{line,205}]},{cowboy_stream_h,request_process,3,[{file,"src/cowboy_stream_h.erl"},{line,184}]},{proc_lib,init_p_do_apply,3,[{file,"proc_lib.erl"},{line,247}]}]}
    ancestors: [<0.4371.0>,<0.675.0>,<0.674.0>,ranch_sup,<0.657.0>]
    message_queue_len: 0
    messages: []
    links: [<0.4371.0>]
    dictionary: []
    trap_exit: false
    status: running
    heap_size: 987
    stack_size: 27
    reductions: 367
  neighbours:
2017-11-09 15:24:43 =ERROR REPORT====
Ranch listener my_http_listener, connection process <0.4371.0>, stream 1 had its request process <0.4372.0> exit with reason function_clause and stacktrace [{cowboy_req,do_reply,[200,#{<<"content-length">> => <<"0">>,<<"content-type">> => <<"text/plain">>},<<>>,<<"bar">>],[{file,"src/cowboy_req.erl"},{line,712}]},{http_handler,handle,3,[{file,"/home/pampa/pampa_pro/src/http_handler.erl"},{line,42}]},{cowboy_handler,execute,2,[{file,"src/cowboy_handler.erl"},{line,37}]},{cowboy_stream_h,execute,3,[{file,"src/cowboy_stream_h.erl"},{line,205}]},{cowboy_stream_h,request_process,3,[{file,"src/cowboy_stream_h.erl"},{line,184}]},{proc_lib,init_p_do_apply,3,[{file,"proc_lib.erl"},{line,247}]}]
2017-11-09 15:24:45 =CRASH REPORT====
  crasher:
    initial call: cowboy_stream_h:request_process/3
    pid: <0.4379.0>
    registered_name: []
    exception error: {function_clause,[{cowboy_req,do_reply,[200,#{<<"content-length">> => <<"0">>,<<"content-type">> => <<"text/plain">>},<<>>,<<"bar">>],[{file,"src/cowboy_req.erl"},{line,712}]},{http_handler,handle,3,[{file,"/home/pampa/pampa_pro/src/http_handler.erl"},{line,42}]},{cowboy_handler,execute,2,[{file,"src/cowboy_handler.erl"},{line,37}]},{cowboy_stream_h,execute,3,[{file,"src/cowboy_stream_h.erl"},{line,205}]},{cowboy_stream_h,request_process,3,[{file,"src/cowboy_stream_h.erl"},{line,184}]},{proc_lib,init_p_do_apply,3,[{file,"proc_lib.erl"},{line,247}]}]}
    ancestors: [<0.4378.0>,<0.675.0>,<0.674.0>,ranch_sup,<0.657.0>]
    message_queue_len: 0
    messages: []
    links: [<0.4378.0>]
    dictionary: []
    trap_exit: false
    status: running
    heap_size: 987
    stack_size: 27
    reductions: 367
  neighbours:
2017-11-09 15:24:45 =ERROR REPORT====
Ranch listener my_http_listener, connection process <0.4378.0>, stream 1 had its request process <0.4379.0> exit with reason function_clause and stacktrace [{cowboy_req,do_reply,[200,#{<<"content-length">> => <<"0">>,<<"content-type">> => <<"text/plain">>},<<>>,<<"bar">>],[{file,"src/cowboy_req.erl"},{line,712}]},{http_handler,handle,3,[{file,"/home/pampa/pampa_pro/src/http_handler.erl"},{line,42}]},{cowboy_handler,execute,2,[{file,"src/cowboy_handler.erl"},{line,37}]},{cowboy_stream_h,execute,3,[{file,"src/cowboy_stream_h.erl"},{line,205}]},{cowboy_stream_h,request_process,3,[{file,"src/cowboy_stream_h.erl"},{line,184}]},{proc_lib,init_p_do_apply,3,[{file,"proc_lib.erl"},{line,247}]}]
2017-11-09 15:24:46 =CRASH REPORT====
  crasher:
    initial call: cowboy_stream_h:request_process/3
    pid: <0.4385.0>
    registered_name: []
    exception error: {function_clause,[{cowboy_req,do_reply,[200,#{<<"content-length">> => <<"0">>,<<"content-type">> => <<"text/plain">>},<<>>,<<"bar">>],[{file,"src/cowboy_req.erl"},{line,712}]},{http_handler,handle,3,[{file,"/home/pampa/pampa_pro/src/http_handler.erl"},{line,42}]},{cowboy_handler,execute,2,[{file,"src/cowboy_handler.erl"},{line,37}]},{cowboy_stream_h,execute,3,[{file,"src/cowboy_stream_h.erl"},{line,205}]},{cowboy_stream_h,request_process,3,[{file,"src/cowboy_stream_h.erl"},{line,184}]},{proc_lib,init_p_do_apply,3,[{file,"proc_lib.erl"},{line,247}]}]}
    ancestors: [<0.4384.0>,<0.675.0>,<0.674.0>,ranch_sup,<0.657.0>]
    message_queue_len: 0
    messages: []
    links: [<0.4384.0>]
    dictionary: []
    trap_exit: false
    status: running
    heap_size: 987
    stack_size: 27
    reductions: 367
  neighbours:
2017-11-09 15:24:46 =ERROR REPORT====
Ranch listener my_http_listener, connection process <0.4384.0>, stream 1 had its request process <0.4385.0> exit with reason function_clause and stacktrace [{cowboy_req,do_reply,[200,#{<<"content-length">> => <<"0">>,<<"content-type">> => <<"text/plain">>},<<>>,<<"bar">>],[{file,"src/cowboy_req.erl"},{line,712}]},{http_handler,handle,3,[{file,"/home/pampa/pampa_pro/src/http_handler.erl"},{line,42}]},{cowboy_handler,execute,2,[{file,"src/cowboy_handler.erl"},{line,37}]},{cowboy_stream_h,execute,3,[{file,"src/cowboy_stream_h.erl"},{line,205}]},{cowboy_stream_h,request_process,3,[{file,"src/cowboy_stream_h.erl"},{line,184}]},{proc_lib,init_p_do_apply,3,[{file,"proc_lib.erl"},{line,247}]}]
2017-11-09 15:26:24 =ERROR REPORT====
/home/pampa/pampa_pro/src/http_handler.erl:52: Error: function handle/3 already defined
2017-11-09 15:28:20 =ERROR REPORT====
/home/pampa/pampa_pro/src/tcp_handler.erl:1: Error: no module definition
2017-11-09 16:15:50 =ERROR REPORT====
/home/pampa/pampa_pro/src/tcp_handler.erl:17: Error: function loop/2 undefined
/home/pampa/pampa_pro/src/tcp_handler.erl:20: Error: undefined macro 'TCP_TIMEOUT_MS'
